{"total": {"lines":{"total":5567,"covered":557,"skipped":0,"pct":10},"statements":{"total":6113,"covered":562,"skipped":0,"pct":9.19},"functions":{"total":800,"covered":34,"skipped":0,"pct":4.25},"branches":{"total":4102,"covered":157,"skipped":0,"pct":3.82},"branchesTrue":{"total":0,"covered":0,"skipped":0,"pct":100}}
,"/home/runner/workspace/artifacts/api-server/src/lib/connectorSalesforceClient.ts": {"lines":{"total":25,"covered":1,"skipped":0,"pct":4},"functions":{"total":11,"covered":0,"skipped":0,"pct":0},"statements":{"total":27,"covered":1,"skipped":0,"pct":3.7},"branches":{"total":6,"covered":0,"skipped":0,"pct":0}}
,"/home/runner/workspace/artifacts/api-server/src/lib/defaultTrailConfig.ts": {"lines":{"total":1,"covered":1,"skipped":0,"pct":100},"functions":{"total":0,"covered":0,"skipped":0,"pct":100},"statements":{"total":1,"covered":1,"skipped":0,"pct":100},"branches":{"total":0,"covered":0,"skipped":0,"pct":100}}
,"/home/runner/workspace/artifacts/api-server/src/lib/getSalesforceClient.ts": {"lines":{"total":11,"covered":3,"skipped":0,"pct":27.27},"functions":{"total":4,"covered":1,"skipped":0,"pct":25},"statements":{"total":12,"covered":3,"skipped":0,"pct":25},"branches":{"total":9,"covered":2,"skipped":0,"pct":22.22}}
,"/home/runner/workspace/artifacts/api-server/src/lib/googleAdmin.ts": {"lines":{"total":57,"covered":2,"skipped":0,"pct":3.5},"functions":{"total":10,"covered":0,"skipped":0,"pct":0},"statements":{"total":63,"covered":2,"skipped":0,"pct":3.17},"branches":{"total":41,"covered":0,"skipped":0,"pct":0}}
,"/home/runner/workspace/artifacts/api-server/src/lib/googleGroupsCache.ts": {"lines":{"total":33,"covered":2,"skipped":0,"pct":6.06},"functions":{"total":8,"covered":0,"skipped":0,"pct":0},"statements":{"total":36,"covered":2,"skipped":0,"pct":5.55},"branches":{"total":22,"covered":0,"skipped":0,"pct":0}}
,"/home/runner/workspace/artifacts/api-server/src/lib/integrationHealth.ts": {"lines":{"total":16,"covered":3,"skipped":0,"pct":18.75},"functions":{"total":5,"covered":0,"skipped":0,"pct":0},"statements":{"total":19,"covered":3,"skipped":0,"pct":15.78},"branches":{"total":8,"covered":0,"skipped":0,"pct":0}}
,"/home/runner/workspace/artifacts/api-server/src/lib/learnerReadModel.ts": {"lines":{"total":34,"covered":2,"skipped":0,"pct":5.88},"functions":{"total":7,"covered":0,"skipped":0,"pct":0},"statements":{"total":38,"covered":2,"skipped":0,"pct":5.26},"branches":{"total":58,"covered":0,"skipped":0,"pct":0}}
,"/home/runner/workspace/artifacts/api-server/src/lib/logger.ts": {"lines":{"total":2,"covered":2,"skipped":0,"pct":100},"functions":{"total":0,"covered":0,"skipped":0,"pct":100},"statements":{"total":2,"covered":2,"skipped":0,"pct":100},"branches":{"total":4,"covered":3,"skipped":0,"pct":75}}
,"/home/runner/workspace/artifacts/api-server/src/lib/pennyContactResolver.ts": {"lines":{"total":20,"covered":2,"skipped":0,"pct":10},"functions":{"total":3,"covered":0,"skipped":0,"pct":0},"statements":{"total":22,"covered":2,"skipped":0,"pct":9.09},"branches":{"total":12,"covered":0,"skipped":0,"pct":0}}
,"/home/runner/workspace/artifacts/api-server/src/lib/pennyPromptAssembler.ts": {"lines":{"total":71,"covered":29,"skipped":0,"pct":40.84},"functions":{"total":14,"covered":12,"skipped":0,"pct":85.71},"statements":{"total":94,"covered":33,"skipped":0,"pct":35.1},"branches":{"total":66,"covered":15,"skipped":0,"pct":22.72}}
,"/home/runner/workspace/artifacts/api-server/src/lib/salesforceClient.ts": {"lines":{"total":29,"covered":0,"skipped":0,"pct":0},"functions":{"total":8,"covered":0,"skipped":0,"pct":0},"statements":{"total":30,"covered":0,"skipped":0,"pct":0},"branches":{"total":11,"covered":0,"skipped":0,"pct":0}}
,"/home/runner/workspace/artifacts/api-server/src/lib/salesforceOAuth.ts": {"lines":{"total":71,"covered":0,"skipped":0,"pct":0},"functions":{"total":15,"covered":0,"skipped":0,"pct":0},"statements":{"total":76,"covered":0,"skipped":0,"pct":0},"branches":{"total":36,"covered":0,"skipped":0,"pct":0}}
,"/home/runner/workspace/artifacts/api-server/src/lib/salesforceService.ts": {"lines":{"total":117,"covered":3,"skipped":0,"pct":2.56},"functions":{"total":40,"covered":0,"skipped":0,"pct":0},"statements":{"total":124,"covered":3,"skipped":0,"pct":2.41},"branches":{"total":54,"covered":0,"skipped":0,"pct":0}}
,"/home/runner/workspace/artifacts/api-server/src/lib/sfConstants.ts": {"lines":{"total":1,"covered":1,"skipped":0,"pct":100},"functions":{"total":0,"covered":0,"skipped":0,"pct":100},"statements":{"total":1,"covered":1,"skipped":0,"pct":100},"branches":{"total":0,"covered":0,"skipped":0,"pct":100}}
,"/home/runner/workspace/artifacts/api-server/src/lib/sfFileCache.ts": {"lines":{"total":20,"covered":6,"skipped":0,"pct":30},"functions":{"total":9,"covered":1,"skipped":0,"pct":11.11},"statements":{"total":22,"covered":6,"skipped":0,"pct":27.27},"branches":{"total":4,"covered":1,"skipped":0,"pct":25}}
,"/home/runner/workspace/artifacts/api-server/src/lib/sfTokenCache.ts": {"lines":{"total":3,"covered":1,"skipped":0,"pct":33.33},"functions":{"total":2,"covered":0,"skipped":0,"pct":0},"statements":{"total":3,"covered":1,"skipped":0,"pct":33.33},"branches":{"total":0,"covered":0,"skipped":0,"pct":100}}
,"/home/runner/workspace/artifacts/api-server/src/lib/sfWriteHealth.ts": {"lines":{"total":12,"covered":1,"skipped":0,"pct":8.33},"functions":{"total":5,"covered":0,"skipped":0,"pct":0},"statements":{"total":14,"covered":1,"skipped":0,"pct":7.14},"branches":{"total":6,"covered":0,"skipped":0,"pct":0}}
,"/home/runner/workspace/artifacts/api-server/src/lib/llm/claude.ts": {"lines":{"total":23,"covered":21,"skipped":0,"pct":91.3},"functions":{"total":5,"covered":3,"skipped":0,"pct":60},"statements":{"total":24,"covered":21,"skipped":0,"pct":87.5},"branches":{"total":28,"covered":19,"skipped":0,"pct":67.85}}
,"/home/runner/workspace/artifacts/api-server/src/lib/llm/gemini.ts": {"lines":{"total":35,"covered":20,"skipped":0,"pct":57.14},"functions":{"total":5,"covered":1,"skipped":0,"pct":20},"statements":{"total":38,"covered":21,"skipped":0,"pct":55.26},"branches":{"total":19,"covered":7,"skipped":0,"pct":36.84}}
,"/home/runner/workspace/artifacts/api-server/src/lib/llm/index.ts": {"lines":{"total":6,"covered":4,"skipped":0,"pct":66.66},"functions":{"total":1,"covered":1,"skipped":0,"pct":100},"statements":{"total":6,"covered":4,"skipped":0,"pct":66.66},"branches":{"total":3,"covered":2,"skipped":0,"pct":66.66}}
,"/home/runner/workspace/artifacts/api-server/src/lib/llm/types.ts": {"lines":{"total":0,"covered":0,"skipped":0,"pct":100},"functions":{"total":0,"covered":0,"skipped":0,"pct":100},"statements":{"total":0,"covered":0,"skipped":0,"pct":100},"branches":{"total":0,"covered":0,"skipped":0,"pct":100}}
,"/home/runner/workspace/artifacts/api-server/src/routes/adminUsers.ts": {"lines":{"total":104,"covered":3,"skipped":0,"pct":2.88},"functions":{"total":19,"covered":0,"skipped":0,"pct":0},"statements":{"total":115,"covered":3,"skipped":0,"pct":2.6},"branches":{"total":95,"covered":0,"skipped":0,"pct":0}}
,"/home/runner/workspace/artifacts/api-server/src/routes/agentforce.ts": {"lines":{"total":97,"covered":4,"skipped":0,"pct":4.12},"functions":{"total":17,"covered":0,"skipped":0,"pct":0},"statements":{"total":107,"covered":4,"skipped":0,"pct":3.73},"branches":{"total":64,"covered":0,"skipped":0,"pct":0}}
,"/home/runner/workspace/artifacts/api-server/src/routes/anthropic.ts": {"lines":{"total":50,"covered":2,"skipped":0,"pct":4},"functions":{"total":3,"covered":0,"skipped":0,"pct":0},"statements":{"total":50,"covered":2,"skipped":0,"pct":4},"branches":{"total":35,"covered":0,"skipped":0,"pct":0}}
,"/home/runner/workspace/artifacts/api-server/src/routes/auth.ts": {"lines":{"total":46,"covered":4,"skipped":0,"pct":8.69},"functions":{"total":10,"covered":0,"skipped":0,"pct":0},"statements":{"total":50,"covered":4,"skipped":0,"pct":8},"branches":{"total":28,"covered":0,"skipped":0,"pct":0}}
,"/home/runner/workspace/artifacts/api-server/src/routes/calendar.ts": {"lines":{"total":36,"covered":3,"skipped":0,"pct":8.33},"functions":{"total":6,"covered":0,"skipped":0,"pct":0},"statements":{"total":39,"covered":3,"skipped":0,"pct":7.69},"branches":{"total":32,"covered":0,"skipped":0,"pct":0}}
,"/home/runner/workspace/artifacts/api-server/src/routes/drive.ts": {"lines":{"total":212,"covered":9,"skipped":0,"pct":4.24},"functions":{"total":31,"covered":0,"skipped":0,"pct":0},"statements":{"total":236,"covered":9,"skipped":0,"pct":3.81},"branches":{"total":149,"covered":0,"skipped":0,"pct":0}}
,"/home/runner/workspace/artifacts/api-server/src/routes/gemini.ts": {"lines":{"total":52,"covered":2,"skipped":0,"pct":3.84},"functions":{"total":3,"covered":0,"skipped":0,"pct":0},"statements":{"total":52,"covered":2,"skipped":0,"pct":3.84},"branches":{"total":42,"covered":0,"skipped":0,"pct":0}}
,"/home/runner/workspace/artifacts/api-server/src/routes/gmail.ts": {"lines":{"total":98,"covered":5,"skipped":0,"pct":5.1},"functions":{"total":15,"covered":0,"skipped":0,"pct":0},"statements":{"total":110,"covered":5,"skipped":0,"pct":4.54},"branches":{"total":91,"covered":0,"skipped":0,"pct":0}}
,"/home/runner/workspace/artifacts/api-server/src/routes/google.ts": {"lines":{"total":68,"covered":2,"skipped":0,"pct":2.94},"functions":{"total":6,"covered":0,"skipped":0,"pct":0},"statements":{"total":73,"covered":2,"skipped":0,"pct":2.73},"branches":{"total":56,"covered":0,"skipped":0,"pct":0}}
,"/home/runner/workspace/artifacts/api-server/src/routes/googleGroups.ts": {"lines":{"total":79,"covered":4,"skipped":0,"pct":5.06},"functions":{"total":14,"covered":0,"skipped":0,"pct":0},"statements":{"total":85,"covered":4,"skipped":0,"pct":4.7},"branches":{"total":48,"covered":0,"skipped":0,"pct":0}}
,"/home/runner/workspace/artifacts/api-server/src/routes/googleOAuth.ts": {"lines":{"total":84,"covered":8,"skipped":0,"pct":9.52},"functions":{"total":10,"covered":0,"skipped":0,"pct":0},"statements":{"total":87,"covered":8,"skipped":0,"pct":9.19},"branches":{"total":70,"covered":0,"skipped":0,"pct":0}}
,"/home/runner/workspace/artifacts/api-server/src/routes/googleSignIn.ts": {"lines":{"total":165,"covered":9,"skipped":0,"pct":5.45},"functions":{"total":26,"covered":0,"skipped":0,"pct":0},"statements":{"total":177,"covered":9,"skipped":0,"pct":5.08},"branches":{"total":167,"covered":0,"skipped":0,"pct":0}}
,"/home/runner/workspace/artifacts/api-server/src/routes/governance.ts": {"lines":{"total":78,"covered":4,"skipped":0,"pct":5.12},"functions":{"total":8,"covered":0,"skipped":0,"pct":0},"statements":{"total":81,"covered":4,"skipped":0,"pct":4.93},"branches":{"total":57,"covered":0,"skipped":0,"pct":0}}
,"/home/runner/workspace/artifacts/api-server/src/routes/health.ts": {"lines":{"total":4,"covered":2,"skipped":0,"pct":50},"functions":{"total":1,"covered":0,"skipped":0,"pct":0},"statements":{"total":4,"covered":2,"skipped":0,"pct":50},"branches":{"total":0,"covered":0,"skipped":0,"pct":100}}
,"/home/runner/workspace/artifacts/api-server/src/routes/homebase.ts": {"lines":{"total":415,"covered":28,"skipped":0,"pct":6.74},"functions":{"total":46,"covered":0,"skipped":0,"pct":0},"statements":{"total":435,"covered":28,"skipped":0,"pct":6.43},"branches":{"total":239,"covered":0,"skipped":0,"pct":0}}
,"/home/runner/workspace/artifacts/api-server/src/routes/impersonate.ts": {"lines":{"total":63,"covered":3,"skipped":0,"pct":4.76},"functions":{"total":6,"covered":0,"skipped":0,"pct":0},"statements":{"total":64,"covered":3,"skipped":0,"pct":4.68},"branches":{"total":29,"covered":0,"skipped":0,"pct":0}}
,"/home/runner/workspace/artifacts/api-server/src/routes/index.ts": {"lines":{"total":64,"covered":57,"skipped":0,"pct":89.06},"functions":{"total":4,"covered":3,"skipped":0,"pct":75},"statements":{"total":67,"covered":57,"skipped":0,"pct":85.07},"branches":{"total":33,"covered":15,"skipped":0,"pct":45.45}}
,"/home/runner/workspace/artifacts/api-server/src/routes/knowledge.ts": {"lines":{"total":546,"covered":36,"skipped":0,"pct":6.59},"functions":{"total":80,"covered":0,"skipped":0,"pct":0},"statements":{"total":604,"covered":36,"skipped":0,"pct":5.96},"branches":{"total":353,"covered":0,"skipped":0,"pct":0}}
,"/home/runner/workspace/artifacts/api-server/src/routes/learner.ts": {"lines":{"total":169,"covered":11,"skipped":0,"pct":6.5},"functions":{"total":18,"covered":0,"skipped":0,"pct":0},"statements":{"total":178,"covered":11,"skipped":0,"pct":6.17},"branches":{"total":129,"covered":0,"skipped":0,"pct":0}}
,"/home/runner/workspace/artifacts/api-server/src/routes/learnerAuth.ts": {"lines":{"total":56,"covered":11,"skipped":0,"pct":19.64},"functions":{"total":12,"covered":0,"skipped":0,"pct":0},"statements":{"total":59,"covered":11,"skipped":0,"pct":18.64},"branches":{"total":33,"covered":4,"skipped":0,"pct":12.12}}
,"/home/runner/workspace/artifacts/api-server/src/routes/moduleDrafts.ts": {"lines":{"total":41,"covered":5,"skipped":0,"pct":12.19},"functions":{"total":3,"covered":0,"skipped":0,"pct":0},"statements":{"total":41,"covered":5,"skipped":0,"pct":12.19},"branches":{"total":34,"covered":0,"skipped":0,"pct":0}}
,"/home/runner/workspace/artifacts/api-server/src/routes/notifications.ts": {"lines":{"total":27,"covered":2,"skipped":0,"pct":7.4},"functions":{"total":1,"covered":0,"skipped":0,"pct":0},"statements":{"total":27,"covered":2,"skipped":0,"pct":7.4},"branches":{"total":17,"covered":0,"skipped":0,"pct":0}}
,"/home/runner/workspace/artifacts/api-server/src/routes/penny.ts": {"lines":{"total":249,"covered":89,"skipped":0,"pct":35.74},"functions":{"total":30,"covered":8,"skipped":0,"pct":26.66},"statements":{"total":261,"covered":89,"skipped":0,"pct":34.09},"branches":{"total":257,"covered":88,"skipped":0,"pct":34.24}}
,"/home/runner/workspace/artifacts/api-server/src/routes/pennyData.ts": {"lines":{"total":203,"covered":25,"skipped":0,"pct":12.31},"functions":{"total":34,"covered":1,"skipped":0,"pct":2.94},"statements":{"total":217,"covered":25,"skipped":0,"pct":11.52},"branches":{"total":125,"covered":0,"skipped":0,"pct":0}}
,"/home/runner/workspace/artifacts/api-server/src/routes/personaHealth.ts": {"lines":{"total":23,"covered":3,"skipped":0,"pct":13.04},"functions":{"total":2,"covered":0,"skipped":0,"pct":0},"statements":{"total":24,"covered":3,"skipped":0,"pct":12.5},"branches":{"total":2,"covered":0,"skipped":0,"pct":0}}
,"/home/runner/workspace/artifacts/api-server/src/routes/programs.ts": {"lines":{"total":138,"covered":20,"skipped":0,"pct":14.49},"functions":{"total":22,"covered":1,"skipped":0,"pct":4.54},"statements":{"total":175,"covered":20,"skipped":0,"pct":11.42},"branches":{"total":96,"covered":0,"skipped":0,"pct":0}}
,"/home/runner/workspace/artifacts/api-server/src/routes/promptTemplates.ts": {"lines":{"total":49,"covered":5,"skipped":0,"pct":10.2},"functions":{"total":5,"covered":0,"skipped":0,"pct":0},"statements":{"total":51,"covered":5,"skipped":0,"pct":9.8},"branches":{"total":17,"covered":0,"skipped":0,"pct":0}}
,"/home/runner/workspace/artifacts/api-server/src/routes/promptVariables.ts": {"lines":{"total":43,"covered":5,"skipped":0,"pct":11.62},"functions":{"total":5,"covered":0,"skipped":0,"pct":0},"statements":{"total":45,"covered":5,"skipped":0,"pct":11.11},"branches":{"total":12,"covered":0,"skipped":0,"pct":0}}
,"/home/runner/workspace/artifacts/api-server/src/routes/retrieve.ts": {"lines":{"total":40,"covered":3,"skipped":0,"pct":7.5},"functions":{"total":10,"covered":0,"skipped":0,"pct":0},"statements":{"total":49,"covered":3,"skipped":0,"pct":6.12},"branches":{"total":29,"covered":0,"skipped":0,"pct":0}}
,"/home/runner/workspace/artifacts/api-server/src/routes/roleOwners.ts": {"lines":{"total":21,"covered":3,"skipped":0,"pct":14.28},"functions":{"total":2,"covered":0,"skipped":0,"pct":0},"statements":{"total":21,"covered":3,"skipped":0,"pct":14.28},"branches":{"total":4,"covered":0,"skipped":0,"pct":0}}
,"/home/runner/workspace/artifacts/api-server/src/routes/salesforce.ts": {"lines":{"total":514,"covered":27,"skipped":0,"pct":5.25},"functions":{"total":72,"covered":1,"skipped":0,"pct":1.38},"statements":{"total":545,"covered":27,"skipped":0,"pct":4.95},"branches":{"total":368,"covered":0,"skipped":0,"pct":0}}
,"/home/runner/workspace/artifacts/api-server/src/routes/salesforceAuth.ts": {"lines":{"total":128,"covered":6,"skipped":0,"pct":4.68},"functions":{"total":8,"covered":0,"skipped":0,"pct":0},"statements":{"total":129,"covered":6,"skipped":0,"pct":4.65},"branches":{"total":64,"covered":0,"skipped":0,"pct":0}}
,"/home/runner/workspace/artifacts/api-server/src/routes/secrets.ts": {"lines":{"total":69,"covered":2,"skipped":0,"pct":2.89},"functions":{"total":29,"covered":0,"skipped":0,"pct":0},"statements":{"total":82,"covered":2,"skipped":0,"pct":2.43},"branches":{"total":90,"covered":0,"skipped":0,"pct":0}}
,"/home/runner/workspace/artifacts/api-server/src/routes/sessions.ts": {"lines":{"total":90,"covered":9,"skipped":0,"pct":10},"functions":{"total":12,"covered":1,"skipped":0,"pct":8.33},"statements":{"total":105,"covered":9,"skipped":0,"pct":8.57},"branches":{"total":56,"covered":0,"skipped":0,"pct":0}}
,"/home/runner/workspace/artifacts/api-server/src/routes/slack.ts": {"lines":{"total":251,"covered":6,"skipped":0,"pct":2.39},"functions":{"total":12,"covered":0,"skipped":0,"pct":0},"statements":{"total":260,"covered":6,"skipped":0,"pct":2.3},"branches":{"total":286,"covered":0,"skipped":0,"pct":0}}
,"/home/runner/workspace/artifacts/api-server/src/routes/slackOAuth.ts": {"lines":{"total":541,"covered":30,"skipped":0,"pct":5.54},"functions":{"total":59,"covered":0,"skipped":0,"pct":0},"statements":{"total":685,"covered":30,"skipped":0,"pct":4.37},"branches":{"total":412,"covered":1,"skipped":0,"pct":0.24}}
,"/home/runner/workspace/artifacts/api-server/src/routes/voiceover.ts": {"lines":{"total":67,"covered":6,"skipped":0,"pct":8.95},"functions":{"total":7,"covered":0,"skipped":0,"pct":0},"statements":{"total":71,"covered":6,"skipped":0,"pct":8.45},"branches":{"total":96,"covered":0,"skipped":0,"pct":0}}
}
